[ INFO ] [2019-05-02 15:09:24] [ LOGID: ] [org.springframework.boot.StartupInfoLogger.logStarting(StartupInfoLogger.java:50)] Starting TranssocketApplication on TEAVAMC with PID 12956 (F:\transsocket\target\classes started by teavamc in F:\transsocket)
[ INFO ] [2019-05-02 15:09:24] [ LOGID: ] [org.springframework.boot.SpringApplication.logStartupProfileInfo(SpringApplication.java:675)] No active profile set, falling back to default profiles: default
[ INFO ] [2019-05-02 15:09:24] [ LOGID: ] [org.springframework.boot.logging.DeferredLog.logTo(DeferredLog.java:227)] Devtools property defaults active! Set 'spring.devtools.add-properties' to 'false' to disable
[ INFO ] [2019-05-02 15:09:24] [ LOGID: ] [org.springframework.boot.logging.DeferredLog.logTo(DeferredLog.java:227)] For additional web related logging consider setting the 'logging.level.web' property to 'DEBUG'
[ INFO ] [2019-05-02 15:09:25] [ LOGID: ] [org.springframework.data.repository.config.RepositoryConfigurationDelegate.multipleStoresDetected(RepositoryConfigurationDelegate.java:244)] Multiple Spring Data modules found, entering strict repository configuration mode!
[ INFO ] [2019-05-02 15:09:25] [ LOGID: ] [org.springframework.data.repository.config.RepositoryConfigurationDelegate.registerRepositoriesIn(RepositoryConfigurationDelegate.java:126)] Bootstrapping Spring Data repositories in DEFAULT mode.
[ INFO ] [2019-05-02 15:09:25] [ LOGID: ] [org.springframework.data.repository.config.RepositoryConfigurationDelegate.registerRepositoriesIn(RepositoryConfigurationDelegate.java:182)] Finished Spring Data repository scanning in 20ms. Found 0 repository interfaces.
[ INFO ] [2019-05-02 15:09:26] [ LOGID: ] [org.springframework.context.support.PostProcessorRegistrationDelegate$BeanPostProcessorChecker.postProcessAfterInitialization(PostProcessorRegistrationDelegate.java:330)] Bean 'org.springframework.transaction.annotation.ProxyTransactionManagementConfiguration' of type [org.springframework.transaction.annotation.ProxyTransactionManagementConfiguration$$EnhancerBySpringCGLIB$$a8004738] is not eligible for getting processed by all BeanPostProcessors (for example: not eligible for auto-proxying)
[ INFO ] [2019-05-02 15:09:26] [ LOGID: ] [org.springframework.boot.web.embedded.tomcat.TomcatWebServer.initialize(TomcatWebServer.java:90)] Tomcat initialized with port(s): 8082 (http)
[ INFO ] [2019-05-02 15:09:26] [ LOGID: ] [org.apache.juli.logging.DirectJDKLog.log(DirectJDKLog.java:173)] Initializing ProtocolHandler ["http-nio-8082"]
[ INFO ] [2019-05-02 15:09:26] [ LOGID: ] [org.apache.juli.logging.DirectJDKLog.log(DirectJDKLog.java:173)] Starting service [Tomcat]
[ INFO ] [2019-05-02 15:09:26] [ LOGID: ] [org.apache.juli.logging.DirectJDKLog.log(DirectJDKLog.java:173)] Starting Servlet engine: [Apache Tomcat/9.0.17]
[ INFO ] [2019-05-02 15:09:27] [ LOGID: ] [org.apache.juli.logging.DirectJDKLog.log(DirectJDKLog.java:173)] Initializing Spring embedded WebApplicationContext
[ INFO ] [2019-05-02 15:09:27] [ LOGID: ] [org.springframework.boot.web.servlet.context.ServletWebServerApplicationContext.prepareWebApplicationContext(ServletWebServerApplicationContext.java:296)] Root WebApplicationContext: initialization completed in 2430 ms
[ INFO ] [2019-05-02 15:09:27] [ LOGID: ] [org.springframework.scheduling.concurrent.ExecutorConfigurationSupport.initialize(ExecutorConfigurationSupport.java:171)] Initializing ExecutorService 'applicationTaskExecutor'
[ INFO ] [2019-05-02 15:09:28] [ LOGID: ] [org.springframework.boot.devtools.autoconfigure.OptionalLiveReloadServer.startServer(OptionalLiveReloadServer.java:57)] LiveReload server is running on port 35729
[ INFO ] [2019-05-02 15:09:28] [ LOGID: ] [org.apache.juli.logging.DirectJDKLog.log(DirectJDKLog.java:173)] Starting ProtocolHandler ["http-nio-8082"]
[ INFO ] [2019-05-02 15:09:28] [ LOGID: ] [org.springframework.boot.web.embedded.tomcat.TomcatWebServer.start(TomcatWebServer.java:204)] Tomcat started on port(s): 8082 (http) with context path ''
[ INFO ] [2019-05-02 15:09:28] [ LOGID: ] [org.springframework.boot.StartupInfoLogger.logStarted(StartupInfoLogger.java:59)] Started TranssocketApplication in 4.312 seconds (JVM running for 6.296)
[ INFO ] [2019-05-02 15:17:48] [ LOGID: ] [org.apache.juli.logging.DirectJDKLog.log(DirectJDKLog.java:173)] Initializing Spring DispatcherServlet 'dispatcherServlet'
[ INFO ] [2019-05-02 15:17:48] [ LOGID: ] [org.springframework.web.servlet.FrameworkServlet.initServletBean(FrameworkServlet.java:524)] Initializing Servlet 'dispatcherServlet'
[ INFO ] [2019-05-02 15:17:48] [ LOGID: ] [org.springframework.web.servlet.FrameworkServlet.initServletBean(FrameworkServlet.java:546)] Completed initialization in 9 ms
[ INFO ] [2019-05-02 15:17:48] [ LOGID: ] [com.alibaba.druid.pool.DruidDataSource.init(DruidDataSource.java:1002)] {dataSource-1} inited
[ INFO ] [2019-05-02 17:40:05] [ LOGID: ] [org.springframework.boot.StartupInfoLogger.logStarting(StartupInfoLogger.java:50)] Starting TranssocketApplication on TEAVAMC with PID 21120 (F:\transsocket\target\classes started by teavamc in F:\transsocket)
[ INFO ] [2019-05-02 17:40:05] [ LOGID: ] [org.springframework.boot.SpringApplication.logStartupProfileInfo(SpringApplication.java:675)] No active profile set, falling back to default profiles: default
[ INFO ] [2019-05-02 17:40:05] [ LOGID: ] [org.springframework.boot.logging.DeferredLog.logTo(DeferredLog.java:227)] Devtools property defaults active! Set 'spring.devtools.add-properties' to 'false' to disable
[ INFO ] [2019-05-02 17:40:05] [ LOGID: ] [org.springframework.boot.logging.DeferredLog.logTo(DeferredLog.java:227)] For additional web related logging consider setting the 'logging.level.web' property to 'DEBUG'
[ INFO ] [2019-05-02 17:40:06] [ LOGID: ] [org.springframework.data.repository.config.RepositoryConfigurationDelegate.multipleStoresDetected(RepositoryConfigurationDelegate.java:244)] Multiple Spring Data modules found, entering strict repository configuration mode!
[ INFO ] [2019-05-02 17:40:06] [ LOGID: ] [org.springframework.data.repository.config.RepositoryConfigurationDelegate.registerRepositoriesIn(RepositoryConfigurationDelegate.java:126)] Bootstrapping Spring Data repositories in DEFAULT mode.
[ INFO ] [2019-05-02 17:40:06] [ LOGID: ] [org.springframework.data.repository.config.RepositoryConfigurationDelegate.registerRepositoriesIn(RepositoryConfigurationDelegate.java:182)] Finished Spring Data repository scanning in 13ms. Found 0 repository interfaces.
[ INFO ] [2019-05-02 17:40:06] [ LOGID: ] [org.springframework.context.support.PostProcessorRegistrationDelegate$BeanPostProcessorChecker.postProcessAfterInitialization(PostProcessorRegistrationDelegate.java:330)] Bean 'org.springframework.transaction.annotation.ProxyTransactionManagementConfiguration' of type [org.springframework.transaction.annotation.ProxyTransactionManagementConfiguration$$EnhancerBySpringCGLIB$$d159d5e1] is not eligible for getting processed by all BeanPostProcessors (for example: not eligible for auto-proxying)
[ INFO ] [2019-05-02 17:40:07] [ LOGID: ] [org.springframework.boot.web.embedded.tomcat.TomcatWebServer.initialize(TomcatWebServer.java:90)] Tomcat initialized with port(s): 8082 (http)
[ INFO ] [2019-05-02 17:40:07] [ LOGID: ] [org.apache.juli.logging.DirectJDKLog.log(DirectJDKLog.java:173)] Initializing ProtocolHandler ["http-nio-8082"]
[ INFO ] [2019-05-02 17:40:07] [ LOGID: ] [org.apache.juli.logging.DirectJDKLog.log(DirectJDKLog.java:173)] Starting service [Tomcat]
[ INFO ] [2019-05-02 17:40:07] [ LOGID: ] [org.apache.juli.logging.DirectJDKLog.log(DirectJDKLog.java:173)] Starting Servlet engine: [Apache Tomcat/9.0.17]
[ INFO ] [2019-05-02 17:40:07] [ LOGID: ] [org.apache.juli.logging.DirectJDKLog.log(DirectJDKLog.java:173)] Initializing Spring embedded WebApplicationContext
[ INFO ] [2019-05-02 17:40:07] [ LOGID: ] [org.springframework.boot.web.servlet.context.ServletWebServerApplicationContext.prepareWebApplicationContext(ServletWebServerApplicationContext.java:296)] Root WebApplicationContext: initialization completed in 2268 ms
[ INFO ] [2019-05-02 17:40:08] [ LOGID: ] [org.springframework.scheduling.concurrent.ExecutorConfigurationSupport.initialize(ExecutorConfigurationSupport.java:171)] Initializing ExecutorService 'applicationTaskExecutor'
[ INFO ] [2019-05-02 17:40:08] [ LOGID: ] [org.springframework.boot.devtools.autoconfigure.OptionalLiveReloadServer.startServer(OptionalLiveReloadServer.java:57)] LiveReload server is running on port 35729
[ INFO ] [2019-05-02 17:40:08] [ LOGID: ] [org.apache.juli.logging.DirectJDKLog.log(DirectJDKLog.java:173)] Starting ProtocolHandler ["http-nio-8082"]
[ INFO ] [2019-05-02 17:40:08] [ LOGID: ] [org.springframework.boot.web.embedded.tomcat.TomcatWebServer.start(TomcatWebServer.java:204)] Tomcat started on port(s): 8082 (http) with context path ''
[ INFO ] [2019-05-02 17:40:08] [ LOGID: ] [org.springframework.boot.StartupInfoLogger.logStarted(StartupInfoLogger.java:59)] Started TranssocketApplication in 4.513 seconds (JVM running for 6.426)
[ INFO ] [2019-05-02 17:40:38] [ LOGID: ] [org.apache.juli.logging.DirectJDKLog.log(DirectJDKLog.java:173)] Initializing Spring DispatcherServlet 'dispatcherServlet'
[ INFO ] [2019-05-02 17:40:38] [ LOGID: ] [org.springframework.web.servlet.FrameworkServlet.initServletBean(FrameworkServlet.java:524)] Initializing Servlet 'dispatcherServlet'
[ INFO ] [2019-05-02 17:40:38] [ LOGID: ] [org.springframework.web.servlet.FrameworkServlet.initServletBean(FrameworkServlet.java:546)] Completed initialization in 10 ms
[ INFO ] [2019-05-02 17:41:08] [ LOGID: ] [org.springframework.boot.StartupInfoLogger.logStarting(StartupInfoLogger.java:50)] Starting TranssocketApplication on TEAVAMC with PID 132 (F:\transsocket\target\classes started by teavamc in F:\transsocket)
[ INFO ] [2019-05-02 17:41:08] [ LOGID: ] [org.springframework.boot.SpringApplication.logStartupProfileInfo(SpringApplication.java:675)] No active profile set, falling back to default profiles: default
[ INFO ] [2019-05-02 17:41:08] [ LOGID: ] [org.springframework.boot.logging.DeferredLog.logTo(DeferredLog.java:227)] Devtools property defaults active! Set 'spring.devtools.add-properties' to 'false' to disable
[ INFO ] [2019-05-02 17:41:08] [ LOGID: ] [org.springframework.boot.logging.DeferredLog.logTo(DeferredLog.java:227)] For additional web related logging consider setting the 'logging.level.web' property to 'DEBUG'
[ INFO ] [2019-05-02 17:41:09] [ LOGID: ] [org.springframework.data.repository.config.RepositoryConfigurationDelegate.multipleStoresDetected(RepositoryConfigurationDelegate.java:244)] Multiple Spring Data modules found, entering strict repository configuration mode!
[ INFO ] [2019-05-02 17:41:09] [ LOGID: ] [org.springframework.data.repository.config.RepositoryConfigurationDelegate.registerRepositoriesIn(RepositoryConfigurationDelegate.java:126)] Bootstrapping Spring Data repositories in DEFAULT mode.
[ INFO ] [2019-05-02 17:41:09] [ LOGID: ] [org.springframework.data.repository.config.RepositoryConfigurationDelegate.registerRepositoriesIn(RepositoryConfigurationDelegate.java:182)] Finished Spring Data repository scanning in 19ms. Found 0 repository interfaces.
[ INFO ] [2019-05-02 17:41:10] [ LOGID: ] [org.springframework.context.support.PostProcessorRegistrationDelegate$BeanPostProcessorChecker.postProcessAfterInitialization(PostProcessorRegistrationDelegate.java:330)] Bean 'org.springframework.transaction.annotation.ProxyTransactionManagementConfiguration' of type [org.springframework.transaction.annotation.ProxyTransactionManagementConfiguration$$EnhancerBySpringCGLIB$$408d72cd] is not eligible for getting processed by all BeanPostProcessors (for example: not eligible for auto-proxying)
[ INFO ] [2019-05-02 17:41:10] [ LOGID: ] [org.springframework.boot.web.embedded.tomcat.TomcatWebServer.initialize(TomcatWebServer.java:90)] Tomcat initialized with port(s): 8082 (http)
[ INFO ] [2019-05-02 17:41:10] [ LOGID: ] [org.apache.juli.logging.DirectJDKLog.log(DirectJDKLog.java:173)] Initializing ProtocolHandler ["http-nio-8082"]
[ INFO ] [2019-05-02 17:41:10] [ LOGID: ] [org.apache.juli.logging.DirectJDKLog.log(DirectJDKLog.java:173)] Starting service [Tomcat]
[ INFO ] [2019-05-02 17:41:10] [ LOGID: ] [org.apache.juli.logging.DirectJDKLog.log(DirectJDKLog.java:173)] Starting Servlet engine: [Apache Tomcat/9.0.17]
[ INFO ] [2019-05-02 17:41:10] [ LOGID: ] [org.apache.juli.logging.DirectJDKLog.log(DirectJDKLog.java:173)] Initializing Spring embedded WebApplicationContext
[ INFO ] [2019-05-02 17:41:10] [ LOGID: ] [org.springframework.boot.web.servlet.context.ServletWebServerApplicationContext.prepareWebApplicationContext(ServletWebServerApplicationContext.java:296)] Root WebApplicationContext: initialization completed in 1990 ms
[ INFO ] [2019-05-02 17:41:11] [ LOGID: ] [org.springframework.scheduling.concurrent.ExecutorConfigurationSupport.initialize(ExecutorConfigurationSupport.java:171)] Initializing ExecutorService 'applicationTaskExecutor'
[ INFO ] [2019-05-02 17:41:11] [ LOGID: ] [org.springframework.boot.devtools.autoconfigure.OptionalLiveReloadServer.startServer(OptionalLiveReloadServer.java:57)] LiveReload server is running on port 35729
[ INFO ] [2019-05-02 17:41:11] [ LOGID: ] [org.apache.juli.logging.DirectJDKLog.log(DirectJDKLog.java:173)] Starting ProtocolHandler ["http-nio-8082"]
[ INFO ] [2019-05-02 17:41:11] [ LOGID: ] [org.springframework.boot.web.embedded.tomcat.TomcatWebServer.start(TomcatWebServer.java:204)] Tomcat started on port(s): 8082 (http) with context path ''
[ INFO ] [2019-05-02 17:41:11] [ LOGID: ] [org.springframework.boot.StartupInfoLogger.logStarted(StartupInfoLogger.java:59)] Started TranssocketApplication in 3.924 seconds (JVM running for 6.118)
[ INFO ] [2019-05-02 17:41:34] [ LOGID: ] [org.springframework.boot.StartupInfoLogger.logStarting(StartupInfoLogger.java:50)] Starting TranssocketApplication on TEAVAMC with PID 22280 (F:\transsocket\target\classes started by teavamc in F:\transsocket)
[ INFO ] [2019-05-02 17:41:34] [ LOGID: ] [org.springframework.boot.SpringApplication.logStartupProfileInfo(SpringApplication.java:675)] No active profile set, falling back to default profiles: default
[ INFO ] [2019-05-02 17:41:34] [ LOGID: ] [org.springframework.boot.logging.DeferredLog.logTo(DeferredLog.java:227)] Devtools property defaults active! Set 'spring.devtools.add-properties' to 'false' to disable
[ INFO ] [2019-05-02 17:41:34] [ LOGID: ] [org.springframework.boot.logging.DeferredLog.logTo(DeferredLog.java:227)] For additional web related logging consider setting the 'logging.level.web' property to 'DEBUG'
[ INFO ] [2019-05-02 17:41:35] [ LOGID: ] [org.springframework.data.repository.config.RepositoryConfigurationDelegate.multipleStoresDetected(RepositoryConfigurationDelegate.java:244)] Multiple Spring Data modules found, entering strict repository configuration mode!
[ INFO ] [2019-05-02 17:41:35] [ LOGID: ] [org.springframework.data.repository.config.RepositoryConfigurationDelegate.registerRepositoriesIn(RepositoryConfigurationDelegate.java:126)] Bootstrapping Spring Data repositories in DEFAULT mode.
[ INFO ] [2019-05-02 17:41:35] [ LOGID: ] [org.springframework.data.repository.config.RepositoryConfigurationDelegate.registerRepositoriesIn(RepositoryConfigurationDelegate.java:182)] Finished Spring Data repository scanning in 16ms. Found 0 repository interfaces.
[ INFO ] [2019-05-02 17:41:35] [ LOGID: ] [org.springframework.context.support.PostProcessorRegistrationDelegate$BeanPostProcessorChecker.postProcessAfterInitialization(PostProcessorRegistrationDelegate.java:330)] Bean 'org.springframework.transaction.annotation.ProxyTransactionManagementConfiguration' of type [org.springframework.transaction.annotation.ProxyTransactionManagementConfiguration$$EnhancerBySpringCGLIB$$6bec2bd] is not eligible for getting processed by all BeanPostProcessors (for example: not eligible for auto-proxying)
[ INFO ] [2019-05-02 17:41:36] [ LOGID: ] [org.springframework.boot.web.embedded.tomcat.TomcatWebServer.initialize(TomcatWebServer.java:90)] Tomcat initialized with port(s): 8082 (http)
[ INFO ] [2019-05-02 17:41:36] [ LOGID: ] [org.apache.juli.logging.DirectJDKLog.log(DirectJDKLog.java:173)] Initializing ProtocolHandler ["http-nio-8082"]
[ INFO ] [2019-05-02 17:41:36] [ LOGID: ] [org.apache.juli.logging.DirectJDKLog.log(DirectJDKLog.java:173)] Starting service [Tomcat]
[ INFO ] [2019-05-02 17:41:36] [ LOGID: ] [org.apache.juli.logging.DirectJDKLog.log(DirectJDKLog.java:173)] Starting Servlet engine: [Apache Tomcat/9.0.17]
[ INFO ] [2019-05-02 17:41:36] [ LOGID: ] [org.apache.juli.logging.DirectJDKLog.log(DirectJDKLog.java:173)] Initializing Spring embedded WebApplicationContext
[ INFO ] [2019-05-02 17:41:36] [ LOGID: ] [org.springframework.boot.web.servlet.context.ServletWebServerApplicationContext.prepareWebApplicationContext(ServletWebServerApplicationContext.java:296)] Root WebApplicationContext: initialization completed in 2083 ms
[ INFO ] [2019-05-02 17:41:37] [ LOGID: ] [org.springframework.scheduling.concurrent.ExecutorConfigurationSupport.initialize(ExecutorConfigurationSupport.java:171)] Initializing ExecutorService 'applicationTaskExecutor'
[ INFO ] [2019-05-02 17:41:37] [ LOGID: ] [org.springframework.boot.devtools.autoconfigure.OptionalLiveReloadServer.startServer(OptionalLiveReloadServer.java:57)] LiveReload server is running on port 35729
[ INFO ] [2019-05-02 17:41:37] [ LOGID: ] [org.apache.juli.logging.DirectJDKLog.log(DirectJDKLog.java:173)] Starting ProtocolHandler ["http-nio-8082"]
[ INFO ] [2019-05-02 17:41:37] [ LOGID: ] [org.springframework.boot.web.embedded.tomcat.TomcatWebServer.start(TomcatWebServer.java:204)] Tomcat started on port(s): 8082 (http) with context path ''
[ INFO ] [2019-05-02 17:41:37] [ LOGID: ] [org.springframework.boot.StartupInfoLogger.logStarted(StartupInfoLogger.java:59)] Started TranssocketApplication in 3.94 seconds (JVM running for 6.008)
[ INFO ] [2019-05-02 17:41:39] [ LOGID: ] [org.apache.juli.logging.DirectJDKLog.log(DirectJDKLog.java:173)] Initializing Spring DispatcherServlet 'dispatcherServlet'
[ INFO ] [2019-05-02 17:41:39] [ LOGID: ] [org.springframework.web.servlet.FrameworkServlet.initServletBean(FrameworkServlet.java:524)] Initializing Servlet 'dispatcherServlet'
[ INFO ] [2019-05-02 17:41:39] [ LOGID: ] [org.springframework.web.servlet.FrameworkServlet.initServletBean(FrameworkServlet.java:546)] Completed initialization in 11 ms
[ INFO ] [2019-05-02 17:42:34] [ LOGID: ] [org.springframework.boot.StartupInfoLogger.logStarting(StartupInfoLogger.java:50)] Starting TranssocketApplication on TEAVAMC with PID 7540 (F:\transsocket\target\classes started by teavamc in F:\transsocket)
[ INFO ] [2019-05-02 17:42:34] [ LOGID: ] [org.springframework.boot.SpringApplication.logStartupProfileInfo(SpringApplication.java:675)] No active profile set, falling back to default profiles: default
[ INFO ] [2019-05-02 17:42:34] [ LOGID: ] [org.springframework.boot.logging.DeferredLog.logTo(DeferredLog.java:227)] Devtools property defaults active! Set 'spring.devtools.add-properties' to 'false' to disable
[ INFO ] [2019-05-02 17:42:34] [ LOGID: ] [org.springframework.boot.logging.DeferredLog.logTo(DeferredLog.java:227)] For additional web related logging consider setting the 'logging.level.web' property to 'DEBUG'
[ INFO ] [2019-05-02 17:42:35] [ LOGID: ] [org.springframework.data.repository.config.RepositoryConfigurationDelegate.multipleStoresDetected(RepositoryConfigurationDelegate.java:244)] Multiple Spring Data modules found, entering strict repository configuration mode!
[ INFO ] [2019-05-02 17:42:35] [ LOGID: ] [org.springframework.data.repository.config.RepositoryConfigurationDelegate.registerRepositoriesIn(RepositoryConfigurationDelegate.java:126)] Bootstrapping Spring Data repositories in DEFAULT mode.
[ INFO ] [2019-05-02 17:42:35] [ LOGID: ] [org.springframework.data.repository.config.RepositoryConfigurationDelegate.registerRepositoriesIn(RepositoryConfigurationDelegate.java:182)] Finished Spring Data repository scanning in 11ms. Found 0 repository interfaces.
[ INFO ] [2019-05-02 17:42:36] [ LOGID: ] [org.springframework.context.support.PostProcessorRegistrationDelegate$BeanPostProcessorChecker.postProcessAfterInitialization(PostProcessorRegistrationDelegate.java:330)] Bean 'org.springframework.transaction.annotation.ProxyTransactionManagementConfiguration' of type [org.springframework.transaction.annotation.ProxyTransactionManagementConfiguration$$EnhancerBySpringCGLIB$$16d8ef7b] is not eligible for getting processed by all BeanPostProcessors (for example: not eligible for auto-proxying)
[ INFO ] [2019-05-02 17:42:36] [ LOGID: ] [org.springframework.boot.web.embedded.tomcat.TomcatWebServer.initialize(TomcatWebServer.java:90)] Tomcat initialized with port(s): 8082 (http)
[ INFO ] [2019-05-02 17:42:36] [ LOGID: ] [org.apache.juli.logging.DirectJDKLog.log(DirectJDKLog.java:173)] Initializing ProtocolHandler ["http-nio-8082"]
[ INFO ] [2019-05-02 17:42:36] [ LOGID: ] [org.apache.juli.logging.DirectJDKLog.log(DirectJDKLog.java:173)] Starting service [Tomcat]
[ INFO ] [2019-05-02 17:42:36] [ LOGID: ] [org.apache.juli.logging.DirectJDKLog.log(DirectJDKLog.java:173)] Starting Servlet engine: [Apache Tomcat/9.0.17]
[ INFO ] [2019-05-02 17:42:36] [ LOGID: ] [org.apache.juli.logging.DirectJDKLog.log(DirectJDKLog.java:173)] Initializing Spring embedded WebApplicationContext
[ INFO ] [2019-05-02 17:42:36] [ LOGID: ] [org.springframework.boot.web.servlet.context.ServletWebServerApplicationContext.prepareWebApplicationContext(ServletWebServerApplicationContext.java:296)] Root WebApplicationContext: initialization completed in 1786 ms
[ INFO ] [2019-05-02 17:42:37] [ LOGID: ] [org.springframework.scheduling.concurrent.ExecutorConfigurationSupport.initialize(ExecutorConfigurationSupport.java:171)] Initializing ExecutorService 'applicationTaskExecutor'
[ INFO ] [2019-05-02 17:42:37] [ LOGID: ] [org.springframework.boot.devtools.autoconfigure.OptionalLiveReloadServer.startServer(OptionalLiveReloadServer.java:57)] LiveReload server is running on port 35729
[ INFO ] [2019-05-02 17:42:37] [ LOGID: ] [org.apache.juli.logging.DirectJDKLog.log(DirectJDKLog.java:173)] Starting ProtocolHandler ["http-nio-8082"]
[ INFO ] [2019-05-02 17:42:37] [ LOGID: ] [org.springframework.boot.web.embedded.tomcat.TomcatWebServer.start(TomcatWebServer.java:204)] Tomcat started on port(s): 8082 (http) with context path ''
[ INFO ] [2019-05-02 17:42:37] [ LOGID: ] [org.springframework.boot.StartupInfoLogger.logStarted(StartupInfoLogger.java:59)] Started TranssocketApplication in 3.774 seconds (JVM running for 5.843)
[ INFO ] [2019-05-02 17:43:01] [ LOGID: ] [org.apache.juli.logging.DirectJDKLog.log(DirectJDKLog.java:173)] Initializing Spring DispatcherServlet 'dispatcherServlet'
[ INFO ] [2019-05-02 17:43:01] [ LOGID: ] [org.springframework.web.servlet.FrameworkServlet.initServletBean(FrameworkServlet.java:524)] Initializing Servlet 'dispatcherServlet'
[ INFO ] [2019-05-02 17:43:01] [ LOGID: ] [org.springframework.web.servlet.FrameworkServlet.initServletBean(FrameworkServlet.java:546)] Completed initialization in 8 ms
[ INFO ] [2019-05-02 17:46:27] [ LOGID: ] [org.springframework.boot.StartupInfoLogger.logStarting(StartupInfoLogger.java:50)] Starting TranssocketApplication on TEAVAMC with PID 20936 (F:\transsocket\target\classes started by teavamc in F:\transsocket)
[ INFO ] [2019-05-02 17:46:27] [ LOGID: ] [org.springframework.boot.SpringApplication.logStartupProfileInfo(SpringApplication.java:675)] No active profile set, falling back to default profiles: default
[ INFO ] [2019-05-02 17:46:27] [ LOGID: ] [org.springframework.boot.logging.DeferredLog.logTo(DeferredLog.java:227)] Devtools property defaults active! Set 'spring.devtools.add-properties' to 'false' to disable
[ INFO ] [2019-05-02 17:46:27] [ LOGID: ] [org.springframework.boot.logging.DeferredLog.logTo(DeferredLog.java:227)] For additional web related logging consider setting the 'logging.level.web' property to 'DEBUG'
[ INFO ] [2019-05-02 17:46:28] [ LOGID: ] [org.springframework.data.repository.config.RepositoryConfigurationDelegate.multipleStoresDetected(RepositoryConfigurationDelegate.java:244)] Multiple Spring Data modules found, entering strict repository configuration mode!
[ INFO ] [2019-05-02 17:46:28] [ LOGID: ] [org.springframework.data.repository.config.RepositoryConfigurationDelegate.registerRepositoriesIn(RepositoryConfigurationDelegate.java:126)] Bootstrapping Spring Data repositories in DEFAULT mode.
[ INFO ] [2019-05-02 17:46:28] [ LOGID: ] [org.springframework.data.repository.config.RepositoryConfigurationDelegate.registerRepositoriesIn(RepositoryConfigurationDelegate.java:182)] Finished Spring Data repository scanning in 11ms. Found 0 repository interfaces.
[ INFO ] [2019-05-02 17:46:28] [ LOGID: ] [org.springframework.context.support.PostProcessorRegistrationDelegate$BeanPostProcessorChecker.postProcessAfterInitialization(PostProcessorRegistrationDelegate.java:330)] Bean 'org.springframework.transaction.annotation.ProxyTransactionManagementConfiguration' of type [org.springframework.transaction.annotation.ProxyTransactionManagementConfiguration$$EnhancerBySpringCGLIB$$61b2f306] is not eligible for getting processed by all BeanPostProcessors (for example: not eligible for auto-proxying)
[ INFO ] [2019-05-02 17:46:29] [ LOGID: ] [org.springframework.boot.web.embedded.tomcat.TomcatWebServer.initialize(TomcatWebServer.java:90)] Tomcat initialized with port(s): 8082 (http)
[ INFO ] [2019-05-02 17:46:29] [ LOGID: ] [org.apache.juli.logging.DirectJDKLog.log(DirectJDKLog.java:173)] Initializing ProtocolHandler ["http-nio-8082"]
[ INFO ] [2019-05-02 17:46:29] [ LOGID: ] [org.apache.juli.logging.DirectJDKLog.log(DirectJDKLog.java:173)] Starting service [Tomcat]
[ INFO ] [2019-05-02 17:46:29] [ LOGID: ] [org.apache.juli.logging.DirectJDKLog.log(DirectJDKLog.java:173)] Starting Servlet engine: [Apache Tomcat/9.0.17]
[ INFO ] [2019-05-02 17:46:29] [ LOGID: ] [org.apache.juli.logging.DirectJDKLog.log(DirectJDKLog.java:173)] Initializing Spring embedded WebApplicationContext
[ INFO ] [2019-05-02 17:46:29] [ LOGID: ] [org.springframework.boot.web.servlet.context.ServletWebServerApplicationContext.prepareWebApplicationContext(ServletWebServerApplicationContext.java:296)] Root WebApplicationContext: initialization completed in 1928 ms
[ INFO ] [2019-05-02 17:46:30] [ LOGID: ] [org.springframework.scheduling.concurrent.ExecutorConfigurationSupport.initialize(ExecutorConfigurationSupport.java:171)] Initializing ExecutorService 'applicationTaskExecutor'
[ INFO ] [2019-05-02 17:46:30] [ LOGID: ] [org.springframework.boot.devtools.autoconfigure.OptionalLiveReloadServer.startServer(OptionalLiveReloadServer.java:57)] LiveReload server is running on port 35729
[ INFO ] [2019-05-02 17:46:30] [ LOGID: ] [org.apache.juli.logging.DirectJDKLog.log(DirectJDKLog.java:173)] Starting ProtocolHandler ["http-nio-8082"]
[ INFO ] [2019-05-02 17:46:30] [ LOGID: ] [org.springframework.boot.web.embedded.tomcat.TomcatWebServer.start(TomcatWebServer.java:204)] Tomcat started on port(s): 8082 (http) with context path ''
[ INFO ] [2019-05-02 17:46:30] [ LOGID: ] [org.springframework.boot.StartupInfoLogger.logStarted(StartupInfoLogger.java:59)] Started TranssocketApplication in 3.926 seconds (JVM running for 5.963)
[ INFO ] [2019-05-02 17:46:32] [ LOGID: ] [org.apache.juli.logging.DirectJDKLog.log(DirectJDKLog.java:173)] Initializing Spring DispatcherServlet 'dispatcherServlet'
[ INFO ] [2019-05-02 17:46:32] [ LOGID: ] [org.springframework.web.servlet.FrameworkServlet.initServletBean(FrameworkServlet.java:524)] Initializing Servlet 'dispatcherServlet'
[ INFO ] [2019-05-02 17:46:32] [ LOGID: ] [org.springframework.web.servlet.FrameworkServlet.initServletBean(FrameworkServlet.java:546)] Completed initialization in 8 ms
[ INFO ] [2019-05-02 17:48:08] [ LOGID: ] [org.springframework.boot.StartupInfoLogger.logStarting(StartupInfoLogger.java:50)] Starting TranssocketApplication on TEAVAMC with PID 15632 (F:\transsocket\target\classes started by teavamc in F:\transsocket)
[ INFO ] [2019-05-02 17:48:08] [ LOGID: ] [org.springframework.boot.SpringApplication.logStartupProfileInfo(SpringApplication.java:675)] No active profile set, falling back to default profiles: default
[ INFO ] [2019-05-02 17:48:08] [ LOGID: ] [org.springframework.boot.logging.DeferredLog.logTo(DeferredLog.java:227)] Devtools property defaults active! Set 'spring.devtools.add-properties' to 'false' to disable
[ INFO ] [2019-05-02 17:48:08] [ LOGID: ] [org.springframework.boot.logging.DeferredLog.logTo(DeferredLog.java:227)] For additional web related logging consider setting the 'logging.level.web' property to 'DEBUG'
[ INFO ] [2019-05-02 17:48:09] [ LOGID: ] [org.springframework.data.repository.config.RepositoryConfigurationDelegate.multipleStoresDetected(RepositoryConfigurationDelegate.java:244)] Multiple Spring Data modules found, entering strict repository configuration mode!
[ INFO ] [2019-05-02 17:48:09] [ LOGID: ] [org.springframework.data.repository.config.RepositoryConfigurationDelegate.registerRepositoriesIn(RepositoryConfigurationDelegate.java:126)] Bootstrapping Spring Data repositories in DEFAULT mode.
[ INFO ] [2019-05-02 17:48:09] [ LOGID: ] [org.springframework.data.repository.config.RepositoryConfigurationDelegate.registerRepositoriesIn(RepositoryConfigurationDelegate.java:182)] Finished Spring Data repository scanning in 10ms. Found 0 repository interfaces.
[ INFO ] [2019-05-02 17:48:09] [ LOGID: ] [org.springframework.context.support.PostProcessorRegistrationDelegate$BeanPostProcessorChecker.postProcessAfterInitialization(PostProcessorRegistrationDelegate.java:330)] Bean 'org.springframework.transaction.annotation.ProxyTransactionManagementConfiguration' of type [org.springframework.transaction.annotation.ProxyTransactionManagementConfiguration$$EnhancerBySpringCGLIB$$b7714d41] is not eligible for getting processed by all BeanPostProcessors (for example: not eligible for auto-proxying)
[ INFO ] [2019-05-02 17:48:09] [ LOGID: ] [org.springframework.boot.web.embedded.tomcat.TomcatWebServer.initialize(TomcatWebServer.java:90)] Tomcat initialized with port(s): 8082 (http)
[ INFO ] [2019-05-02 17:48:10] [ LOGID: ] [org.apache.juli.logging.DirectJDKLog.log(DirectJDKLog.java:173)] Initializing ProtocolHandler ["http-nio-8082"]
[ INFO ] [2019-05-02 17:48:10] [ LOGID: ] [org.apache.juli.logging.DirectJDKLog.log(DirectJDKLog.java:173)] Starting service [Tomcat]
[ INFO ] [2019-05-02 17:48:10] [ LOGID: ] [org.apache.juli.logging.DirectJDKLog.log(DirectJDKLog.java:173)] Starting Servlet engine: [Apache Tomcat/9.0.17]
[ INFO ] [2019-05-02 17:48:10] [ LOGID: ] [org.apache.juli.logging.DirectJDKLog.log(DirectJDKLog.java:173)] Initializing Spring embedded WebApplicationContext
[ INFO ] [2019-05-02 17:48:10] [ LOGID: ] [org.springframework.boot.web.servlet.context.ServletWebServerApplicationContext.prepareWebApplicationContext(ServletWebServerApplicationContext.java:296)] Root WebApplicationContext: initialization completed in 1814 ms
[ INFO ] [2019-05-02 17:48:10] [ LOGID: ] [org.springframework.scheduling.concurrent.ExecutorConfigurationSupport.initialize(ExecutorConfigurationSupport.java:171)] Initializing ExecutorService 'applicationTaskExecutor'
[ INFO ] [2019-05-02 17:48:11] [ LOGID: ] [org.springframework.boot.devtools.autoconfigure.OptionalLiveReloadServer.startServer(OptionalLiveReloadServer.java:57)] LiveReload server is running on port 35729
[ INFO ] [2019-05-02 17:48:11] [ LOGID: ] [org.apache.juli.logging.DirectJDKLog.log(DirectJDKLog.java:173)] Starting ProtocolHandler ["http-nio-8082"]
[ INFO ] [2019-05-02 17:48:11] [ LOGID: ] [org.springframework.boot.web.embedded.tomcat.TomcatWebServer.start(TomcatWebServer.java:204)] Tomcat started on port(s): 8082 (http) with context path ''
[ INFO ] [2019-05-02 17:48:11] [ LOGID: ] [org.springframework.boot.StartupInfoLogger.logStarted(StartupInfoLogger.java:59)] Started TranssocketApplication in 3.474 seconds (JVM running for 5.609)
[ INFO ] [2019-05-02 17:48:38] [ LOGID: ] [org.apache.juli.logging.DirectJDKLog.log(DirectJDKLog.java:173)] Initializing Spring DispatcherServlet 'dispatcherServlet'
[ INFO ] [2019-05-02 17:48:38] [ LOGID: ] [org.springframework.web.servlet.FrameworkServlet.initServletBean(FrameworkServlet.java:524)] Initializing Servlet 'dispatcherServlet'
[ INFO ] [2019-05-02 17:48:38] [ LOGID: ] [org.springframework.web.servlet.FrameworkServlet.initServletBean(FrameworkServlet.java:546)] Completed initialization in 24 ms
[ INFO ] [2019-05-02 17:50:49] [ LOGID: ] [org.springframework.boot.StartupInfoLogger.logStarting(StartupInfoLogger.java:50)] Starting TranssocketApplication on TEAVAMC with PID 4512 (F:\transsocket\target\classes started by teavamc in F:\transsocket)
[ INFO ] [2019-05-02 17:50:49] [ LOGID: ] [org.springframework.boot.SpringApplication.logStartupProfileInfo(SpringApplication.java:675)] No active profile set, falling back to default profiles: default
[ INFO ] [2019-05-02 17:50:49] [ LOGID: ] [org.springframework.boot.logging.DeferredLog.logTo(DeferredLog.java:227)] Devtools property defaults active! Set 'spring.devtools.add-properties' to 'false' to disable
[ INFO ] [2019-05-02 17:50:49] [ LOGID: ] [org.springframework.boot.logging.DeferredLog.logTo(DeferredLog.java:227)] For additional web related logging consider setting the 'logging.level.web' property to 'DEBUG'
[ INFO ] [2019-05-02 17:50:50] [ LOGID: ] [org.springframework.data.repository.config.RepositoryConfigurationDelegate.multipleStoresDetected(RepositoryConfigurationDelegate.java:244)] Multiple Spring Data modules found, entering strict repository configuration mode!
[ INFO ] [2019-05-02 17:50:50] [ LOGID: ] [org.springframework.data.repository.config.RepositoryConfigurationDelegate.registerRepositoriesIn(RepositoryConfigurationDelegate.java:126)] Bootstrapping Spring Data repositories in DEFAULT mode.
[ INFO ] [2019-05-02 17:50:50] [ LOGID: ] [org.springframework.data.repository.config.RepositoryConfigurationDelegate.registerRepositoriesIn(RepositoryConfigurationDelegate.java:182)] Finished Spring Data repository scanning in 10ms. Found 0 repository interfaces.
[ INFO ] [2019-05-02 17:50:50] [ LOGID: ] [org.springframework.context.support.PostProcessorRegistrationDelegate$BeanPostProcessorChecker.postProcessAfterInitialization(PostProcessorRegistrationDelegate.java:330)] Bean 'org.springframework.transaction.annotation.ProxyTransactionManagementConfiguration' of type [org.springframework.transaction.annotation.ProxyTransactionManagementConfiguration$$EnhancerBySpringCGLIB$$69b4731a] is not eligible for getting processed by all BeanPostProcessors (for example: not eligible for auto-proxying)
[ INFO ] [2019-05-02 17:50:51] [ LOGID: ] [org.springframework.boot.web.embedded.tomcat.TomcatWebServer.initialize(TomcatWebServer.java:90)] Tomcat initialized with port(s): 8082 (http)
[ INFO ] [2019-05-02 17:50:51] [ LOGID: ] [org.apache.juli.logging.DirectJDKLog.log(DirectJDKLog.java:173)] Initializing ProtocolHandler ["http-nio-8082"]
[ INFO ] [2019-05-02 17:50:51] [ LOGID: ] [org.apache.juli.logging.DirectJDKLog.log(DirectJDKLog.java:173)] Starting service [Tomcat]
[ INFO ] [2019-05-02 17:50:51] [ LOGID: ] [org.apache.juli.logging.DirectJDKLog.log(DirectJDKLog.java:173)] Starting Servlet engine: [Apache Tomcat/9.0.17]
[ INFO ] [2019-05-02 17:50:51] [ LOGID: ] [org.apache.juli.logging.DirectJDKLog.log(DirectJDKLog.java:173)] Initializing Spring embedded WebApplicationContext
[ INFO ] [2019-05-02 17:50:51] [ LOGID: ] [org.springframework.boot.web.servlet.context.ServletWebServerApplicationContext.prepareWebApplicationContext(ServletWebServerApplicationContext.java:296)] Root WebApplicationContext: initialization completed in 1862 ms
[ INFO ] [2019-05-02 17:50:51] [ LOGID: ] [org.springframework.scheduling.concurrent.ExecutorConfigurationSupport.initialize(ExecutorConfigurationSupport.java:171)] Initializing ExecutorService 'applicationTaskExecutor'
[ INFO ] [2019-05-02 17:50:52] [ LOGID: ] [org.springframework.boot.devtools.autoconfigure.OptionalLiveReloadServer.startServer(OptionalLiveReloadServer.java:57)] LiveReload server is running on port 35729
[ INFO ] [2019-05-02 17:50:52] [ LOGID: ] [org.apache.juli.logging.DirectJDKLog.log(DirectJDKLog.java:173)] Starting ProtocolHandler ["http-nio-8082"]
[ INFO ] [2019-05-02 17:50:52] [ LOGID: ] [org.springframework.boot.web.embedded.tomcat.TomcatWebServer.start(TomcatWebServer.java:204)] Tomcat started on port(s): 8082 (http) with context path ''
[ INFO ] [2019-05-02 17:50:52] [ LOGID: ] [org.springframework.boot.StartupInfoLogger.logStarted(StartupInfoLogger.java:59)] Started TranssocketApplication in 3.56 seconds (JVM running for 5.342)
[ INFO ] [2019-05-02 17:50:55] [ LOGID: ] [org.apache.juli.logging.DirectJDKLog.log(DirectJDKLog.java:173)] Initializing Spring DispatcherServlet 'dispatcherServlet'
[ INFO ] [2019-05-02 17:50:55] [ LOGID: ] [org.springframework.web.servlet.FrameworkServlet.initServletBean(FrameworkServlet.java:524)] Initializing Servlet 'dispatcherServlet'
[ INFO ] [2019-05-02 17:50:55] [ LOGID: ] [org.springframework.web.servlet.FrameworkServlet.initServletBean(FrameworkServlet.java:546)] Completed initialization in 12 ms
[ INFO ] [2019-05-02 17:57:08] [ LOGID: ] [org.springframework.boot.StartupInfoLogger.logStarting(StartupInfoLogger.java:50)] Starting TranssocketApplication on TEAVAMC with PID 18496 (F:\transsocket\target\classes started by teavamc in F:\transsocket)
[ INFO ] [2019-05-02 17:57:08] [ LOGID: ] [org.springframework.boot.SpringApplication.logStartupProfileInfo(SpringApplication.java:675)] No active profile set, falling back to default profiles: default
[ INFO ] [2019-05-02 17:57:08] [ LOGID: ] [org.springframework.boot.logging.DeferredLog.logTo(DeferredLog.java:227)] Devtools property defaults active! Set 'spring.devtools.add-properties' to 'false' to disable
[ INFO ] [2019-05-02 17:57:08] [ LOGID: ] [org.springframework.boot.logging.DeferredLog.logTo(DeferredLog.java:227)] For additional web related logging consider setting the 'logging.level.web' property to 'DEBUG'
[ INFO ] [2019-05-02 17:57:09] [ LOGID: ] [org.springframework.data.repository.config.RepositoryConfigurationDelegate.multipleStoresDetected(RepositoryConfigurationDelegate.java:244)] Multiple Spring Data modules found, entering strict repository configuration mode!
[ INFO ] [2019-05-02 17:57:09] [ LOGID: ] [org.springframework.data.repository.config.RepositoryConfigurationDelegate.registerRepositoriesIn(RepositoryConfigurationDelegate.java:126)] Bootstrapping Spring Data repositories in DEFAULT mode.
[ INFO ] [2019-05-02 17:57:09] [ LOGID: ] [org.springframework.data.repository.config.RepositoryConfigurationDelegate.registerRepositoriesIn(RepositoryConfigurationDelegate.java:182)] Finished Spring Data repository scanning in 13ms. Found 0 repository interfaces.
[ INFO ] [2019-05-02 17:57:09] [ LOGID: ] [org.springframework.context.support.PostProcessorRegistrationDelegate$BeanPostProcessorChecker.postProcessAfterInitialization(PostProcessorRegistrationDelegate.java:330)] Bean 'org.springframework.transaction.annotation.ProxyTransactionManagementConfiguration' of type [org.springframework.transaction.annotation.ProxyTransactionManagementConfiguration$$EnhancerBySpringCGLIB$$50f30fe7] is not eligible for getting processed by all BeanPostProcessors (for example: not eligible for auto-proxying)
[ INFO ] [2019-05-02 17:57:09] [ LOGID: ] [org.springframework.boot.web.embedded.tomcat.TomcatWebServer.initialize(TomcatWebServer.java:90)] Tomcat initialized with port(s): 8082 (http)
[ INFO ] [2019-05-02 17:57:09] [ LOGID: ] [org.apache.juli.logging.DirectJDKLog.log(DirectJDKLog.java:173)] Initializing ProtocolHandler ["http-nio-8082"]
[ INFO ] [2019-05-02 17:57:09] [ LOGID: ] [org.apache.juli.logging.DirectJDKLog.log(DirectJDKLog.java:173)] Starting service [Tomcat]
[ INFO ] [2019-05-02 17:57:09] [ LOGID: ] [org.apache.juli.logging.DirectJDKLog.log(DirectJDKLog.java:173)] Starting Servlet engine: [Apache Tomcat/9.0.17]
[ INFO ] [2019-05-02 17:57:10] [ LOGID: ] [org.apache.juli.logging.DirectJDKLog.log(DirectJDKLog.java:173)] Initializing Spring embedded WebApplicationContext
[ INFO ] [2019-05-02 17:57:10] [ LOGID: ] [org.springframework.boot.web.servlet.context.ServletWebServerApplicationContext.prepareWebApplicationContext(ServletWebServerApplicationContext.java:296)] Root WebApplicationContext: initialization completed in 1704 ms
[ INFO ] [2019-05-02 17:57:10] [ LOGID: ] [org.springframework.scheduling.concurrent.ExecutorConfigurationSupport.initialize(ExecutorConfigurationSupport.java:171)] Initializing ExecutorService 'applicationTaskExecutor'
[ INFO ] [2019-05-02 17:57:11] [ LOGID: ] [org.springframework.boot.devtools.autoconfigure.OptionalLiveReloadServer.startServer(OptionalLiveReloadServer.java:57)] LiveReload server is running on port 35729
[ INFO ] [2019-05-02 17:57:11] [ LOGID: ] [org.apache.juli.logging.DirectJDKLog.log(DirectJDKLog.java:173)] Starting ProtocolHandler ["http-nio-8082"]
[ INFO ] [2019-05-02 17:57:11] [ LOGID: ] [org.springframework.boot.web.embedded.tomcat.TomcatWebServer.start(TomcatWebServer.java:204)] Tomcat started on port(s): 8082 (http) with context path ''
[ INFO ] [2019-05-02 17:57:11] [ LOGID: ] [org.springframework.boot.StartupInfoLogger.logStarted(StartupInfoLogger.java:59)] Started TranssocketApplication in 3.588 seconds (JVM running for 5.67)
[ INFO ] [2019-05-02 17:57:15] [ LOGID: ] [org.apache.juli.logging.DirectJDKLog.log(DirectJDKLog.java:173)] Initializing Spring DispatcherServlet 'dispatcherServlet'
[ INFO ] [2019-05-02 17:57:15] [ LOGID: ] [org.springframework.web.servlet.FrameworkServlet.initServletBean(FrameworkServlet.java:524)] Initializing Servlet 'dispatcherServlet'
[ INFO ] [2019-05-02 17:57:15] [ LOGID: ] [org.springframework.web.servlet.FrameworkServlet.initServletBean(FrameworkServlet.java:546)] Completed initialization in 8 ms
[ INFO ] [2019-05-02 18:05:51] [ LOGID: ] [org.springframework.boot.StartupInfoLogger.logStarting(StartupInfoLogger.java:50)] Starting TranssocketApplication on TEAVAMC with PID 20536 (F:\transsocket\target\classes started by teavamc in F:\transsocket)
[ INFO ] [2019-05-02 18:05:51] [ LOGID: ] [org.springframework.boot.SpringApplication.logStartupProfileInfo(SpringApplication.java:675)] No active profile set, falling back to default profiles: default
[ INFO ] [2019-05-02 18:05:51] [ LOGID: ] [org.springframework.boot.logging.DeferredLog.logTo(DeferredLog.java:227)] Devtools property defaults active! Set 'spring.devtools.add-properties' to 'false' to disable
[ INFO ] [2019-05-02 18:05:51] [ LOGID: ] [org.springframework.boot.logging.DeferredLog.logTo(DeferredLog.java:227)] For additional web related logging consider setting the 'logging.level.web' property to 'DEBUG'
[ INFO ] [2019-05-02 18:05:52] [ LOGID: ] [org.springframework.data.repository.config.RepositoryConfigurationDelegate.multipleStoresDetected(RepositoryConfigurationDelegate.java:244)] Multiple Spring Data modules found, entering strict repository configuration mode!
[ INFO ] [2019-05-02 18:05:52] [ LOGID: ] [org.springframework.data.repository.config.RepositoryConfigurationDelegate.registerRepositoriesIn(RepositoryConfigurationDelegate.java:126)] Bootstrapping Spring Data repositories in DEFAULT mode.
[ INFO ] [2019-05-02 18:05:52] [ LOGID: ] [org.springframework.data.repository.config.RepositoryConfigurationDelegate.registerRepositoriesIn(RepositoryConfigurationDelegate.java:182)] Finished Spring Data repository scanning in 17ms. Found 0 repository interfaces.
[ INFO ] [2019-05-02 18:05:52] [ LOGID: ] [org.springframework.context.support.PostProcessorRegistrationDelegate$BeanPostProcessorChecker.postProcessAfterInitialization(PostProcessorRegistrationDelegate.java:330)] Bean 'org.springframework.transaction.annotation.ProxyTransactionManagementConfiguration' of type [org.springframework.transaction.annotation.ProxyTransactionManagementConfiguration$$EnhancerBySpringCGLIB$$6b5f473c] is not eligible for getting processed by all BeanPostProcessors (for example: not eligible for auto-proxying)
[ INFO ] [2019-05-02 18:05:53] [ LOGID: ] [org.springframework.boot.web.embedded.tomcat.TomcatWebServer.initialize(TomcatWebServer.java:90)] Tomcat initialized with port(s): 8082 (http)
[ INFO ] [2019-05-02 18:05:53] [ LOGID: ] [org.apache.juli.logging.DirectJDKLog.log(DirectJDKLog.java:173)] Initializing ProtocolHandler ["http-nio-8082"]
[ INFO ] [2019-05-02 18:05:53] [ LOGID: ] [org.apache.juli.logging.DirectJDKLog.log(DirectJDKLog.java:173)] Starting service [Tomcat]
[ INFO ] [2019-05-02 18:05:53] [ LOGID: ] [org.apache.juli.logging.DirectJDKLog.log(DirectJDKLog.java:173)] Starting Servlet engine: [Apache Tomcat/9.0.17]
[ INFO ] [2019-05-02 18:05:53] [ LOGID: ] [org.apache.juli.logging.DirectJDKLog.log(DirectJDKLog.java:173)] Initializing Spring embedded WebApplicationContext
[ INFO ] [2019-05-02 18:05:53] [ LOGID: ] [org.springframework.boot.web.servlet.context.ServletWebServerApplicationContext.prepareWebApplicationContext(ServletWebServerApplicationContext.java:296)] Root WebApplicationContext: initialization completed in 1928 ms
[ INFO ] [2019-05-02 18:05:53] [ LOGID: ] [org.springframework.scheduling.concurrent.ExecutorConfigurationSupport.initialize(ExecutorConfigurationSupport.java:171)] Initializing ExecutorService 'applicationTaskExecutor'
[ INFO ] [2019-05-02 18:05:54] [ LOGID: ] [org.springframework.boot.devtools.autoconfigure.OptionalLiveReloadServer.startServer(OptionalLiveReloadServer.java:57)] LiveReload server is running on port 35729
[ INFO ] [2019-05-02 18:05:54] [ LOGID: ] [org.apache.juli.logging.DirectJDKLog.log(DirectJDKLog.java:173)] Starting ProtocolHandler ["http-nio-8082"]
[ INFO ] [2019-05-02 18:05:54] [ LOGID: ] [org.springframework.boot.web.embedded.tomcat.TomcatWebServer.start(TomcatWebServer.java:204)] Tomcat started on port(s): 8082 (http) with context path ''
[ INFO ] [2019-05-02 18:05:54] [ LOGID: ] [org.springframework.boot.StartupInfoLogger.logStarted(StartupInfoLogger.java:59)] Started TranssocketApplication in 3.545 seconds (JVM running for 5.312)
[ INFO ] [2019-05-02 18:06:07] [ LOGID: ] [org.apache.juli.logging.DirectJDKLog.log(DirectJDKLog.java:173)] Initializing Spring DispatcherServlet 'dispatcherServlet'
[ INFO ] [2019-05-02 18:06:07] [ LOGID: ] [org.springframework.web.servlet.FrameworkServlet.initServletBean(FrameworkServlet.java:524)] Initializing Servlet 'dispatcherServlet'
[ INFO ] [2019-05-02 18:06:07] [ LOGID: ] [org.springframework.web.servlet.FrameworkServlet.initServletBean(FrameworkServlet.java:546)] Completed initialization in 6 ms
[ INFO ] [2019-05-02 18:06:43] [ LOGID: ] [org.springframework.boot.StartupInfoLogger.logStarting(StartupInfoLogger.java:50)] Starting TranssocketApplication on TEAVAMC with PID 15700 (F:\transsocket\target\classes started by teavamc in F:\transsocket)
[ INFO ] [2019-05-02 18:06:43] [ LOGID: ] [org.springframework.boot.SpringApplication.logStartupProfileInfo(SpringApplication.java:675)] No active profile set, falling back to default profiles: default
[ INFO ] [2019-05-02 18:06:43] [ LOGID: ] [org.springframework.boot.logging.DeferredLog.logTo(DeferredLog.java:227)] Devtools property defaults active! Set 'spring.devtools.add-properties' to 'false' to disable
[ INFO ] [2019-05-02 18:06:43] [ LOGID: ] [org.springframework.boot.logging.DeferredLog.logTo(DeferredLog.java:227)] For additional web related logging consider setting the 'logging.level.web' property to 'DEBUG'
[ INFO ] [2019-05-02 18:06:44] [ LOGID: ] [org.springframework.data.repository.config.RepositoryConfigurationDelegate.multipleStoresDetected(RepositoryConfigurationDelegate.java:244)] Multiple Spring Data modules found, entering strict repository configuration mode!
[ INFO ] [2019-05-02 18:06:44] [ LOGID: ] [org.springframework.data.repository.config.RepositoryConfigurationDelegate.registerRepositoriesIn(RepositoryConfigurationDelegate.java:126)] Bootstrapping Spring Data repositories in DEFAULT mode.
[ INFO ] [2019-05-02 18:06:44] [ LOGID: ] [org.springframework.data.repository.config.RepositoryConfigurationDelegate.registerRepositoriesIn(RepositoryConfigurationDelegate.java:182)] Finished Spring Data repository scanning in 13ms. Found 0 repository interfaces.
[ INFO ] [2019-05-02 18:06:45] [ LOGID: ] [org.springframework.context.support.PostProcessorRegistrationDelegate$BeanPostProcessorChecker.postProcessAfterInitialization(PostProcessorRegistrationDelegate.java:330)] Bean 'org.springframework.transaction.annotation.ProxyTransactionManagementConfiguration' of type [org.springframework.transaction.annotation.ProxyTransactionManagementConfiguration$$EnhancerBySpringCGLIB$$fa99d0be] is not eligible for getting processed by all BeanPostProcessors (for example: not eligible for auto-proxying)
[ INFO ] [2019-05-02 18:06:45] [ LOGID: ] [org.springframework.boot.web.embedded.tomcat.TomcatWebServer.initialize(TomcatWebServer.java:90)] Tomcat initialized with port(s): 8082 (http)
[ INFO ] [2019-05-02 18:06:45] [ LOGID: ] [org.apache.juli.logging.DirectJDKLog.log(DirectJDKLog.java:173)] Initializing ProtocolHandler ["http-nio-8082"]
[ INFO ] [2019-05-02 18:06:45] [ LOGID: ] [org.apache.juli.logging.DirectJDKLog.log(DirectJDKLog.java:173)] Starting service [Tomcat]
[ INFO ] [2019-05-02 18:06:45] [ LOGID: ] [org.apache.juli.logging.DirectJDKLog.log(DirectJDKLog.java:173)] Starting Servlet engine: [Apache Tomcat/9.0.17]
[ INFO ] [2019-05-02 18:06:45] [ LOGID: ] [org.apache.juli.logging.DirectJDKLog.log(DirectJDKLog.java:173)] Initializing Spring embedded WebApplicationContext
[ INFO ] [2019-05-02 18:06:45] [ LOGID: ] [org.springframework.boot.web.servlet.context.ServletWebServerApplicationContext.prepareWebApplicationContext(ServletWebServerApplicationContext.java:296)] Root WebApplicationContext: initialization completed in 2616 ms
[ INFO ] [2019-05-02 18:06:46] [ LOGID: ] [org.springframework.scheduling.concurrent.ExecutorConfigurationSupport.initialize(ExecutorConfigurationSupport.java:171)] Initializing ExecutorService 'applicationTaskExecutor'
[ INFO ] [2019-05-02 18:06:47] [ LOGID: ] [org.springframework.boot.devtools.autoconfigure.OptionalLiveReloadServer.startServer(OptionalLiveReloadServer.java:57)] LiveReload server is running on port 35729
[ INFO ] [2019-05-02 18:06:47] [ LOGID: ] [org.apache.juli.logging.DirectJDKLog.log(DirectJDKLog.java:173)] Starting ProtocolHandler ["http-nio-8082"]
[ INFO ] [2019-05-02 18:06:47] [ LOGID: ] [org.springframework.boot.web.embedded.tomcat.TomcatWebServer.start(TomcatWebServer.java:204)] Tomcat started on port(s): 8082 (http) with context path ''
[ INFO ] [2019-05-02 18:06:47] [ LOGID: ] [org.springframework.boot.StartupInfoLogger.logStarted(StartupInfoLogger.java:59)] Started TranssocketApplication in 5.372 seconds (JVM running for 7.089)
[ INFO ] [2019-05-02 18:07:20] [ LOGID: ] [org.springframework.boot.StartupInfoLogger.logStarting(StartupInfoLogger.java:50)] Starting TranssocketApplication on TEAVAMC with PID 14624 (F:\transsocket\target\classes started by teavamc in F:\transsocket)
[ INFO ] [2019-05-02 18:07:20] [ LOGID: ] [org.springframework.boot.SpringApplication.logStartupProfileInfo(SpringApplication.java:675)] No active profile set, falling back to default profiles: default
[ INFO ] [2019-05-02 18:07:21] [ LOGID: ] [org.springframework.boot.logging.DeferredLog.logTo(DeferredLog.java:227)] Devtools property defaults active! Set 'spring.devtools.add-properties' to 'false' to disable
[ INFO ] [2019-05-02 18:07:21] [ LOGID: ] [org.springframework.boot.logging.DeferredLog.logTo(DeferredLog.java:227)] For additional web related logging consider setting the 'logging.level.web' property to 'DEBUG'
[ INFO ] [2019-05-02 18:07:21] [ LOGID: ] [org.springframework.data.repository.config.RepositoryConfigurationDelegate.multipleStoresDetected(RepositoryConfigurationDelegate.java:244)] Multiple Spring Data modules found, entering strict repository configuration mode!
[ INFO ] [2019-05-02 18:07:21] [ LOGID: ] [org.springframework.data.repository.config.RepositoryConfigurationDelegate.registerRepositoriesIn(RepositoryConfigurationDelegate.java:126)] Bootstrapping Spring Data repositories in DEFAULT mode.
[ INFO ] [2019-05-02 18:07:21] [ LOGID: ] [org.springframework.data.repository.config.RepositoryConfigurationDelegate.registerRepositoriesIn(RepositoryConfigurationDelegate.java:182)] Finished Spring Data repository scanning in 12ms. Found 0 repository interfaces.
[ INFO ] [2019-05-02 18:07:22] [ LOGID: ] [org.springframework.context.support.PostProcessorRegistrationDelegate$BeanPostProcessorChecker.postProcessAfterInitialization(PostProcessorRegistrationDelegate.java:330)] Bean 'org.springframework.transaction.annotation.ProxyTransactionManagementConfiguration' of type [org.springframework.transaction.annotation.ProxyTransactionManagementConfiguration$$EnhancerBySpringCGLIB$$ccb1b716] is not eligible for getting processed by all BeanPostProcessors (for example: not eligible for auto-proxying)
[ INFO ] [2019-05-02 18:07:22] [ LOGID: ] [org.springframework.boot.web.embedded.tomcat.TomcatWebServer.initialize(TomcatWebServer.java:90)] Tomcat initialized with port(s): 8082 (http)
[ INFO ] [2019-05-02 18:07:22] [ LOGID: ] [org.apache.juli.logging.DirectJDKLog.log(DirectJDKLog.java:173)] Initializing ProtocolHandler ["http-nio-8082"]
[ INFO ] [2019-05-02 18:07:22] [ LOGID: ] [org.apache.juli.logging.DirectJDKLog.log(DirectJDKLog.java:173)] Starting service [Tomcat]
[ INFO ] [2019-05-02 18:07:22] [ LOGID: ] [org.apache.juli.logging.DirectJDKLog.log(DirectJDKLog.java:173)] Starting Servlet engine: [Apache Tomcat/9.0.17]
[ INFO ] [2019-05-02 18:07:22] [ LOGID: ] [org.apache.juli.logging.DirectJDKLog.log(DirectJDKLog.java:173)] Initializing Spring embedded WebApplicationContext
[ INFO ] [2019-05-02 18:07:22] [ LOGID: ] [org.springframework.boot.web.servlet.context.ServletWebServerApplicationContext.prepareWebApplicationContext(ServletWebServerApplicationContext.java:296)] Root WebApplicationContext: initialization completed in 1763 ms
[ INFO ] [2019-05-02 18:07:23] [ LOGID: ] [org.springframework.scheduling.concurrent.ExecutorConfigurationSupport.initialize(ExecutorConfigurationSupport.java:171)] Initializing ExecutorService 'applicationTaskExecutor'
[ INFO ] [2019-05-02 18:07:23] [ LOGID: ] [org.springframework.boot.devtools.autoconfigure.OptionalLiveReloadServer.startServer(OptionalLiveReloadServer.java:57)] LiveReload server is running on port 35729
[ INFO ] [2019-05-02 18:07:23] [ LOGID: ] [org.apache.juli.logging.DirectJDKLog.log(DirectJDKLog.java:173)] Starting ProtocolHandler ["http-nio-8082"]
[ INFO ] [2019-05-02 18:07:23] [ LOGID: ] [org.springframework.boot.web.embedded.tomcat.TomcatWebServer.start(TomcatWebServer.java:204)] Tomcat started on port(s): 8082 (http) with context path ''
[ INFO ] [2019-05-02 18:07:23] [ LOGID: ] [org.springframework.boot.StartupInfoLogger.logStarted(StartupInfoLogger.java:59)] Started TranssocketApplication in 3.526 seconds (JVM running for 6.151)
[ INFO ] [2019-05-02 18:07:36] [ LOGID: ] [org.apache.juli.logging.DirectJDKLog.log(DirectJDKLog.java:173)] Initializing Spring DispatcherServlet 'dispatcherServlet'
[ INFO ] [2019-05-02 18:07:36] [ LOGID: ] [org.springframework.web.servlet.FrameworkServlet.initServletBean(FrameworkServlet.java:524)] Initializing Servlet 'dispatcherServlet'
[ INFO ] [2019-05-02 18:07:36] [ LOGID: ] [org.springframework.web.servlet.FrameworkServlet.initServletBean(FrameworkServlet.java:546)] Completed initialization in 9 ms
