2019-04-29 12:06:19,736:INFO restartedMain (StartupInfoLogger.java:50) - Starting TranssocketApplication on TEAVAMC with PID 42112 (F:\transsocket\target\classes started by teavamc in F:\transsocket)
2019-04-29 12:06:19,746:INFO restartedMain (SpringApplication.java:675) - No active profile set, falling back to default profiles: default
2019-04-29 12:06:19,805:INFO restartedMain (DeferredLog.java:227) - Devtools property defaults active! Set 'spring.devtools.add-properties' to 'false' to disable
2019-04-29 12:06:19,805:INFO restartedMain (DeferredLog.java:227) - For additional web related logging consider setting the 'logging.level.web' property to 'DEBUG'
2019-04-29 12:06:20,665:WARN restartedMain (Logger.java:44) - No MyBatis mapper was found in '[com.teavamc.transsocket]' package. Please check your configuration.
2019-04-29 12:06:20,744:INFO restartedMain (RepositoryConfigurationDelegate.java:244) - Multiple Spring Data modules found, entering strict repository configuration mode!
2019-04-29 12:06:20,749:INFO restartedMain (RepositoryConfigurationDelegate.java:126) - Bootstrapping Spring Data repositories in DEFAULT mode.
2019-04-29 12:06:20,774:INFO restartedMain (RepositoryConfigurationDelegate.java:182) - Finished Spring Data repository scanning in 11ms. Found 0 repository interfaces.
2019-04-29 12:06:21,125:INFO restartedMain (PostProcessorRegistrationDelegate.java:330) - Bean 'org.springframework.transaction.annotation.ProxyTransactionManagementConfiguration' of type [org.springframework.transaction.annotation.ProxyTransactionManagementConfiguration$$EnhancerBySpringCGLIB$$a8171e7] is not eligible for getting processed by all BeanPostProcessors (for example: not eligible for auto-proxying)
2019-04-29 12:06:21,579:INFO restartedMain (TomcatWebServer.java:90) - Tomcat initialized with port(s): 8082 (http)
2019-04-29 12:06:21,601:INFO restartedMain (DirectJDKLog.java:173) - Initializing ProtocolHandler ["http-nio-8082"]
2019-04-29 12:06:21,614:INFO restartedMain (DirectJDKLog.java:173) - Starting service [Tomcat]
2019-04-29 12:06:21,615:INFO restartedMain (DirectJDKLog.java:173) - Starting Servlet engine: [Apache Tomcat/9.0.17]
2019-04-29 12:06:21,818:INFO restartedMain (DirectJDKLog.java:173) - Initializing Spring embedded WebApplicationContext
2019-04-29 12:06:21,819:INFO restartedMain (ServletWebServerApplicationContext.java:296) - Root WebApplicationContext: initialization completed in 2012 ms
2019-04-29 12:06:22,201:INFO restartedMain (ExecutorConfigurationSupport.java:171) - Initializing ExecutorService 'applicationTaskExecutor'
2019-04-29 12:06:23,220:INFO restartedMain (OptionalLiveReloadServer.java:57) - LiveReload server is running on port 35729
2019-04-29 12:06:23,255:INFO restartedMain (DirectJDKLog.java:173) - Starting ProtocolHandler ["http-nio-8082"]
2019-04-29 12:06:23,285:INFO restartedMain (TomcatWebServer.java:204) - Tomcat started on port(s): 8082 (http) with context path ''
2019-04-29 12:06:23,288:INFO restartedMain (StartupInfoLogger.java:59) - Started TranssocketApplication in 4.176 seconds (JVM running for 7.057)
2019-04-29 12:07:49,980:INFO restartedMain (StartupInfoLogger.java:50) - Starting TranssocketApplication on TEAVAMC with PID 42740 (F:\transsocket\target\classes started by teavamc in F:\transsocket)
2019-04-29 12:07:49,986:DEBUG restartedMain (StartupInfoLogger.java:53) - Running with Spring Boot v2.1.4.RELEASE, Spring v5.1.6.RELEASE
2019-04-29 12:07:49,987:INFO restartedMain (SpringApplication.java:675) - No active profile set, falling back to default profiles: default
2019-04-29 12:07:50,028:INFO restartedMain (DeferredLog.java:227) - Devtools property defaults active! Set 'spring.devtools.add-properties' to 'false' to disable
2019-04-29 12:07:50,028:INFO restartedMain (DeferredLog.java:227) - For additional web related logging consider setting the 'logging.level.web' property to 'DEBUG'
2019-04-29 12:07:50,724:WARN restartedMain (Logger.java:44) - No MyBatis mapper was found in '[com.teavamc.transsocket]' package. Please check your configuration.
2019-04-29 12:07:50,765:INFO restartedMain (RepositoryConfigurationDelegate.java:244) - Multiple Spring Data modules found, entering strict repository configuration mode!
2019-04-29 12:07:50,768:INFO restartedMain (RepositoryConfigurationDelegate.java:126) - Bootstrapping Spring Data repositories in DEFAULT mode.
2019-04-29 12:07:50,789:INFO restartedMain (RepositoryConfigurationDelegate.java:182) - Finished Spring Data repository scanning in 9ms. Found 0 repository interfaces.
2019-04-29 12:07:51,212:INFO restartedMain (PostProcessorRegistrationDelegate.java:330) - Bean 'org.springframework.transaction.annotation.ProxyTransactionManagementConfiguration' of type [org.springframework.transaction.annotation.ProxyTransactionManagementConfiguration$$EnhancerBySpringCGLIB$$53013db] is not eligible for getting processed by all BeanPostProcessors (for example: not eligible for auto-proxying)
2019-04-29 12:07:51,711:INFO restartedMain (TomcatWebServer.java:90) - Tomcat initialized with port(s): 8082 (http)
2019-04-29 12:07:51,726:INFO restartedMain (DirectJDKLog.java:173) - Initializing ProtocolHandler ["http-nio-8082"]
2019-04-29 12:07:51,735:INFO restartedMain (DirectJDKLog.java:173) - Starting service [Tomcat]
2019-04-29 12:07:51,736:INFO restartedMain (DirectJDKLog.java:173) - Starting Servlet engine: [Apache Tomcat/9.0.17]
2019-04-29 12:07:51,907:INFO restartedMain (DirectJDKLog.java:173) - Initializing Spring embedded WebApplicationContext
2019-04-29 12:07:51,908:INFO restartedMain (ServletWebServerApplicationContext.java:296) - Root WebApplicationContext: initialization completed in 1879 ms
2019-04-29 12:07:52,154:INFO restartedMain (ExecutorConfigurationSupport.java:171) - Initializing ExecutorService 'applicationTaskExecutor'
2019-04-29 12:07:52,786:INFO restartedMain (OptionalLiveReloadServer.java:57) - LiveReload server is running on port 35729
2019-04-29 12:07:52,813:INFO restartedMain (DirectJDKLog.java:173) - Starting ProtocolHandler ["http-nio-8082"]
2019-04-29 12:07:52,836:INFO restartedMain (TomcatWebServer.java:204) - Tomcat started on port(s): 8082 (http) with context path ''
2019-04-29 12:07:52,839:INFO restartedMain (StartupInfoLogger.java:59) - Started TranssocketApplication in 3.297 seconds (JVM running for 5.251)
